c:\users\pc\documents\proyecto_cg_git\campo-de-comida-nacional-internacional\proyectolab\debug\vc143.pdb
c:\users\pc\documents\proyecto_cg_git\campo-de-comida-nacional-internacional\proyectolab\debug\vc143.idb
c:\users\pc\documents\proyecto_cg_git\campo-de-comida-nacional-internacional\proyectolab\debug\window.obj
c:\users\pc\documents\proyecto_cg_git\campo-de-comida-nacional-internacional\proyectolab\debug\texture.obj
c:\users\pc\documents\proyecto_cg_git\campo-de-comida-nacional-internacional\proyectolab\debug\spotlight.obj
c:\users\pc\documents\proyecto_cg_git\campo-de-comida-nacional-internacional\proyectolab\debug\sphere.obj
c:\users\pc\documents\proyecto_cg_git\campo-de-comida-nacional-internacional\proyectolab\debug\skybox.obj
c:\users\pc\documents\proyecto_cg_git\campo-de-comida-nacional-internacional\proyectolab\debug\shader_light.obj
c:\users\pc\documents\proyecto_cg_git\campo-de-comida-nacional-internacional\proyectolab\debug\pointlight.obj
c:\users\pc\documents\proyecto_cg_git\campo-de-comida-nacional-internacional\proyectolab\debug\model.obj
c:\users\pc\documents\proyecto_cg_git\campo-de-comida-nacional-internacional\proyectolab\debug\mesh_tn.obj
c:\users\pc\documents\proyecto_cg_git\campo-de-comida-nacional-internacional\proyectolab\debug\material.obj
c:\users\pc\documents\proyecto_cg_git\campo-de-comida-nacional-internacional\proyectolab\debug\light.obj
c:\users\pc\documents\proyecto_cg_git\campo-de-comida-nacional-internacional\proyectolab\debug\main.obj
c:\users\pc\documents\proyecto_cg_git\campo-de-comida-nacional-internacional\proyectolab\debug\directionallight.obj
c:\users\pc\documents\proyecto_cg_git\campo-de-comida-nacional-internacional\proyectolab\debug\camera.obj
c:\users\pc\documents\proyecto_cg_git\campo-de-comida-nacional-internacional\debug\proyectolab.exe
c:\users\pc\documents\proyecto_cg_git\campo-de-comida-nacional-internacional\proyectolab\debug\proyectolab.ilk
c:\users\pc\documents\proyecto_cg_git\campo-de-comida-nacional-internacional\debug\proyectolab.pdb
c:\users\pamem\onedrive\documentos\2023-1\computacion grafica\laboratorio\proyecto\proyectolab\debug\camera.obj
c:\users\pamem\onedrive\documentos\2023-1\computacion grafica\laboratorio\proyecto\proyectolab\debug\directionallight.obj
c:\users\pamem\onedrive\documentos\2023-1\computacion grafica\laboratorio\proyecto\proyectolab\debug\light.obj
c:\users\pamem\onedrive\documentos\2023-1\computacion grafica\laboratorio\proyecto\proyectolab\debug\main.obj
c:\users\pamem\onedrive\documentos\2023-1\computacion grafica\laboratorio\proyecto\proyectolab\debug\material.obj
c:\users\pamem\onedrive\documentos\2023-1\computacion grafica\laboratorio\proyecto\proyectolab\debug\mesh_tn.obj
c:\users\pamem\onedrive\documentos\2023-1\computacion grafica\laboratorio\proyecto\proyectolab\debug\model.obj
c:\users\pamem\onedrive\documentos\2023-1\computacion grafica\laboratorio\proyecto\proyectolab\debug\pointlight.obj
c:\users\pamem\onedrive\documentos\2023-1\computacion grafica\laboratorio\proyecto\proyectolab\debug\shader_light.obj
c:\users\pamem\onedrive\documentos\2023-1\computacion grafica\laboratorio\proyecto\proyectolab\debug\skybox.obj
c:\users\pamem\onedrive\documentos\2023-1\computacion grafica\laboratorio\proyecto\proyectolab\debug\sphere.obj
c:\users\pamem\onedrive\documentos\2023-1\computacion grafica\laboratorio\proyecto\proyectolab\debug\spotlight.obj
c:\users\pamem\onedrive\documentos\2023-1\computacion grafica\laboratorio\proyecto\proyectolab\debug\texture.obj
c:\users\pamem\onedrive\documentos\2023-1\computacion grafica\laboratorio\proyecto\proyectolab\debug\window.obj
c:\users\pamem\onedrive\documentos\2023-1\computacion grafica\laboratorio\proyecto\proyectolab\debug\proyectolab.ilk
c:\users\pamem\onedrive\documentos\2023-1\computacion grafica\laboratorio\proyecto\proyectolab\debug\vc143.idb
c:\users\pamem\onedrive\documentos\2023-1\computacion grafica\laboratorio\proyecto\proyectolab\debug\vc143.pdb
c:\users\pamem\onedrive\documentos\2023-1\computacion grafica\laboratorio\proyecto\debug\proyectolab.pdb
c:\users\pamem\onedrive\documentos\2023-1\computacion grafica\laboratorio\proyecto\debug\proyectolab.exe
c:\users\pamem\onedrive\documentos\2023-1\computacion grafica\laboratorio\proyecto\proyectolab\debug\proyectolab.tlog\cl.command.1.tlog
c:\users\pamem\onedrive\documentos\2023-1\computacion grafica\laboratorio\proyecto\proyectolab\debug\proyectolab.tlog\cl.read.1.tlog
c:\users\pamem\onedrive\documentos\2023-1\computacion grafica\laboratorio\proyecto\proyectolab\debug\proyectolab.tlog\cl.write.1.tlog
c:\users\pamem\onedrive\documentos\2023-1\computacion grafica\laboratorio\proyecto\proyectolab\debug\proyectolab.tlog\link.command.1.tlog
c:\users\pamem\onedrive\documentos\2023-1\computacion grafica\laboratorio\proyecto\proyectolab\debug\proyectolab.tlog\link.read.1.tlog
c:\users\pamem\onedrive\documentos\2023-1\computacion grafica\laboratorio\proyecto\proyectolab\debug\proyectolab.tlog\link.write.1.tlog
