  PointLight.cpp
C:\Users\PC\Documents\proyecto_CG_git\Campo-de-comida-nacional-internacional\ProyectoLab\PointLight.cpp(28,14): warning C4244: 'argumento': conversión de 'GLfloat' a 'GLint'; posible pérdida de datos
C:\Users\PC\Documents\proyecto_CG_git\Campo-de-comida-nacional-internacional\ProyectoLab\PointLight.cpp(29,14): warning C4244: 'argumento': conversión de 'GLfloat' a 'GLint'; posible pérdida de datos
C:\Users\PC\Documents\proyecto_CG_git\Campo-de-comida-nacional-internacional\ProyectoLab\PointLight.cpp(30,14): warning C4244: 'argumento': conversión de 'GLfloat' a 'GLint'; posible pérdida de datos
C:\Users\PC\Documents\proyecto_CG_git\Campo-de-comida-nacional-internacional\ProyectoLab\PointLight.cpp(32,14): warning C4244: 'argumento': conversión de 'GLfloat' a 'GLint'; posible pérdida de datos
C:\Users\PC\Documents\proyecto_CG_git\Campo-de-comida-nacional-internacional\ProyectoLab\PointLight.cpp(33,14): warning C4244: 'argumento': conversión de 'GLfloat' a 'GLint'; posible pérdida de datos
C:\Users\PC\Documents\proyecto_CG_git\Campo-de-comida-nacional-internacional\ProyectoLab\PointLight.cpp(34,14): warning C4244: 'argumento': conversión de 'GLfloat' a 'GLint'; posible pérdida de datos
C:\Users\PC\Documents\proyecto_CG_git\Campo-de-comida-nacional-internacional\ProyectoLab\PointLight.cpp(35,14): warning C4244: 'argumento': conversión de 'GLfloat' a 'GLint'; posible pérdida de datos
  Shader_light.cpp
C:\Users\PC\Documents\proyecto_CG_git\Campo-de-comida-nacional-internacional\ProyectoLab\Shader_light.cpp(215,75): warning C4244: 'argumento': conversión de 'GLuint' a 'GLfloat'; posible pérdida de datos
C:\Users\PC\Documents\proyecto_CG_git\Campo-de-comida-nacional-internacional\ProyectoLab\Shader_light.cpp(215,26): warning C4244: 'argumento': conversión de 'GLuint' a 'GLfloat'; posible pérdida de datos
C:\Users\PC\Documents\proyecto_CG_git\Campo-de-comida-nacional-internacional\ProyectoLab\Shader_light.cpp(214,91): warning C4244: 'argumento': conversión de 'GLuint' a 'GLfloat'; posible pérdida de datos
C:\Users\PC\Documents\proyecto_CG_git\Campo-de-comida-nacional-internacional\ProyectoLab\Shader_light.cpp(214,42): warning C4244: 'argumento': conversión de 'GLuint' a 'GLfloat'; posible pérdida de datos
C:\Users\PC\Documents\proyecto_CG_git\Campo-de-comida-nacional-internacional\ProyectoLab\Shader_light.cpp(228,98): warning C4244: 'argumento': conversión de 'GLuint' a 'GLfloat'; posible pérdida de datos
C:\Users\PC\Documents\proyecto_CG_git\Campo-de-comida-nacional-internacional\ProyectoLab\Shader_light.cpp(228,62): warning C4244: 'argumento': conversión de 'GLuint' a 'GLfloat'; posible pérdida de datos
C:\Users\PC\Documents\proyecto_CG_git\Campo-de-comida-nacional-internacional\ProyectoLab\Shader_light.cpp(228,24): warning C4244: 'argumento': conversión de 'GLuint' a 'GLfloat'; posible pérdida de datos
C:\Users\PC\Documents\proyecto_CG_git\Campo-de-comida-nacional-internacional\ProyectoLab\Shader_light.cpp(227,70): warning C4244: 'argumento': conversión de 'GLuint' a 'GLfloat'; posible pérdida de datos
C:\Users\PC\Documents\proyecto_CG_git\Campo-de-comida-nacional-internacional\ProyectoLab\Shader_light.cpp(227,24): warning C4244: 'argumento': conversión de 'GLuint' a 'GLfloat'; posible pérdida de datos
C:\Users\PC\Documents\proyecto_CG_git\Campo-de-comida-nacional-internacional\ProyectoLab\Shader_light.cpp(226,88): warning C4244: 'argumento': conversión de 'GLuint' a 'GLfloat'; posible pérdida de datos
C:\Users\PC\Documents\proyecto_CG_git\Campo-de-comida-nacional-internacional\ProyectoLab\Shader_light.cpp(226,42): warning C4244: 'argumento': conversión de 'GLuint' a 'GLfloat'; posible pérdida de datos
  Skybox.cpp
  SpotLight.cpp
  main.cpp
C:\Users\PC\Documents\proyecto_CG_git\Campo-de-comida-nacional-internacional\ProyectoLab\main.cpp(13,10): warning C4067: símbolos (token) inesperados después de la directiva del preprocesador; se esperaba una nueva línea
C:\Users\PC\Documents\proyecto_CG_git\Campo-de-comida-nacional-internacional\ProyectoLab\addons.h(8,22): warning C4244: 'return': conversión de '_Rep' a 'int'; posible pérdida de datos
          with
          [
              _Rep=double
          ]
C:\Users\PC\Documents\proyecto_CG_git\Campo-de-comida-nacional-internacional\ProyectoLab\Window.h(12,36): warning C4244: 'return': conversión de 'GLint' a 'GLfloat'; posible pérdida de datos
C:\Users\PC\Documents\proyecto_CG_git\Campo-de-comida-nacional-internacional\ProyectoLab\Window.h(13,37): warning C4244: 'return': conversión de 'GLint' a 'GLfloat'; posible pérdida de datos
C:\Users\PC\Documents\proyecto_CG_git\Campo-de-comida-nacional-internacional\ProyectoLab\main.cpp(343,13): warning C4244: 'inicializando': conversión de 'int' a 'float'; posible pérdida de datos
C:\Users\PC\Documents\proyecto_CG_git\Campo-de-comida-nacional-internacional\ProyectoLab\main.cpp(509,15): warning C4244: 'inicializando': conversión de 'double' a 'GLfloat'; posible pérdida de datos
C:\Users\PC\Documents\proyecto_CG_git\Campo-de-comida-nacional-internacional\ProyectoLab\main.cpp(511,33): warning C4244: '+=': conversión de 'double' a 'GLfloat'; posible pérdida de datos
C:\Users\PC\Documents\proyecto_CG_git\Campo-de-comida-nacional-internacional\ProyectoLab\main.cpp(683,20): warning C4305: '+=': truncamiento de 'double' a 'float'
C:\Users\PC\Documents\proyecto_CG_git\Campo-de-comida-nacional-internacional\ProyectoLab\main.cpp(684,20): warning C4305: '+=': truncamiento de 'double' a 'float'
  Generando código...
  ProyectoLab.vcxproj -> C:\Users\PC\Documents\proyecto_CG_git\Campo-de-comida-nacional-internacional\Debug\ProyectoLab.exe
