  Camera.cpp
C:\Users\Erik\Desktop\ProyectoCG\Campo-de-comida-nacional-internacional\ProyectoLab\Camera.h(3,10): fatal  error C1083: No se puede abrir el archivo incluir: 'glew.h': No such file or directory
  DirectionalLight.cpp
C:\Users\Erik\Desktop\ProyectoCG\Campo-de-comida-nacional-internacional\ProyectoLab\Light.h(3,10): fatal  error C1083: No se puede abrir el archivo incluir: 'glew.h': No such file or directory
  main.cpp
C:\Users\Erik\Desktop\ProyectoCG\Campo-de-comida-nacional-internacional\ProyectoLab\main.cpp(13,10): warning C4067: símbolos (token) inesperados después de la directiva del preprocesador; se esperaba una nueva línea
C:\Users\Erik\Desktop\ProyectoCG\Campo-de-comida-nacional-internacional\ProyectoLab\main.cpp(17,10): fatal  error C1083: No se puede abrir el archivo incluir: 'glew.h': No such file or directory
  Light.cpp
C:\Users\Erik\Desktop\ProyectoCG\Campo-de-comida-nacional-internacional\ProyectoLab\Light.h(3,10): fatal  error C1083: No se puede abrir el archivo incluir: 'glew.h': No such file or directory
  Material.cpp
C:\Users\Erik\Desktop\ProyectoCG\Campo-de-comida-nacional-internacional\ProyectoLab\Material.h(3,10): fatal  error C1083: No se puede abrir el archivo incluir: 'glew.h': No such file or directory
  Mesh_tn.cpp
C:\Users\Erik\Desktop\ProyectoCG\Campo-de-comida-nacional-internacional\ProyectoLab\Mesh.h(3,10): fatal  error C1083: No se puede abrir el archivo incluir: 'glew.h': No such file or directory
  Model.cpp
C:\Users\Erik\Desktop\ProyectoCG\Campo-de-comida-nacional-internacional\ProyectoLab\Model.h(4,9): fatal  error C1083: No se puede abrir el archivo incluir: 'assimp/Importer.hpp': No such file or directory
  PointLight.cpp
C:\Users\Erik\Desktop\ProyectoCG\Campo-de-comida-nacional-internacional\ProyectoLab\Light.h(3,10): fatal  error C1083: No se puede abrir el archivo incluir: 'glew.h': No such file or directory
  Shader_light.cpp
C:\Users\Erik\Desktop\ProyectoCG\Campo-de-comida-nacional-internacional\ProyectoLab\Shader_light.h(7,10): fatal  error C1083: No se puede abrir el archivo incluir: 'glew.h': No such file or directory
  Skybox.cpp
C:\Users\Erik\Desktop\ProyectoCG\Campo-de-comida-nacional-internacional\ProyectoLab\Skybox.h(6,9): fatal  error C1083: No se puede abrir el archivo incluir: 'glew.h': No such file or directory
  Sphere.cpp
C:\Users\Erik\Desktop\ProyectoCG\Campo-de-comida-nacional-internacional\ProyectoLab\definition.h(11,10): fatal  error C1083: No se puede abrir el archivo incluir: 'glm.hpp': No such file or directory
  SpotLight.cpp
C:\Users\Erik\Desktop\ProyectoCG\Campo-de-comida-nacional-internacional\ProyectoLab\Light.h(3,10): fatal  error C1083: No se puede abrir el archivo incluir: 'glew.h': No such file or directory
  Texture.cpp
C:\Users\Erik\Desktop\ProyectoCG\Campo-de-comida-nacional-internacional\ProyectoLab\Texture.h(2,9): fatal  error C1083: No se puede abrir el archivo incluir: 'glew.h': No such file or directory
  Window.cpp
C:\Users\Erik\Desktop\ProyectoCG\Campo-de-comida-nacional-internacional\ProyectoLab\Window.h(3,9): fatal  error C1083: No se puede abrir el archivo incluir: 'glew.h': No such file or directory
  Generando código...
